The system is: Linux - 4.4.0-148-generic - x86_64
Compiling the C compiler identification source file "CMakeCCompilerId.c" succeeded.
Compiler: /usr/bin/clang-3.5 
Build flags: 
Id flags:  

The output was:
0


Compilation of the C compiler identification source "CMakeCCompilerId.c" produced "a.out"

The C compiler identification is Clang, found in "/home/builinh/Dropbox/SEASTAR2017/Linh_code_DTCB2021/ConfiLikelihood/build/CMakeFiles/3.10.1/CompilerIdC/a.out"

Compiling the CXX compiler identification source file "CMakeCXXCompilerId.cpp" succeeded.
Compiler: /usr/bin/clang++-3.5 
Build flags: 
Id flags:  

The output was:
0


Compilation of the CXX compiler identification source "CMakeCXXCompilerId.cpp" produced "a.out"

The CXX compiler identification is Clang, found in "/home/builinh/Dropbox/SEASTAR2017/Linh_code_DTCB2021/ConfiLikelihood/build/CMakeFiles/3.10.1/CompilerIdCXX/a.out"

Determining if the C compiler works passed with the following output:
Change Dir: /home/builinh/Dropbox/SEASTAR2017/Linh_code_DTCB2021/ConfiLikelihood/build/CMakeFiles/CMakeTmp

Run Build Command:"/usr/bin/make" "cmTC_240eb/fast"
/usr/bin/make -f CMakeFiles/cmTC_240eb.dir/build.make CMakeFiles/cmTC_240eb.dir/build
make[1]: Entering directory `/home/builinh/Dropbox/SEASTAR2017/Linh_code_DTCB2021/ConfiLikelihood/build/CMakeFiles/CMakeTmp'
Building C object CMakeFiles/cmTC_240eb.dir/testCCompiler.c.o
/usr/bin/clang-3.5    -o CMakeFiles/cmTC_240eb.dir/testCCompiler.c.o   -c /home/builinh/Dropbox/SEASTAR2017/Linh_code_DTCB2021/ConfiLikelihood/build/CMakeFiles/CMakeTmp/testCCompiler.c
Linking C executable cmTC_240eb
/usr/local/bin/cmake -E cmake_link_script CMakeFiles/cmTC_240eb.dir/link.txt --verbose=1
/usr/bin/clang-3.5      -rdynamic CMakeFiles/cmTC_240eb.dir/testCCompiler.c.o  -o cmTC_240eb 
make[1]: Leaving directory `/home/builinh/Dropbox/SEASTAR2017/Linh_code_DTCB2021/ConfiLikelihood/build/CMakeFiles/CMakeTmp'


Detecting C compiler ABI info compiled with the following output:
Change Dir: /home/builinh/Dropbox/SEASTAR2017/Linh_code_DTCB2021/ConfiLikelihood/build/CMakeFiles/CMakeTmp

Run Build Command:"/usr/bin/make" "cmTC_88856/fast"
/usr/bin/make -f CMakeFiles/cmTC_88856.dir/build.make CMakeFiles/cmTC_88856.dir/build
make[1]: Entering directory `/home/builinh/Dropbox/SEASTAR2017/Linh_code_DTCB2021/ConfiLikelihood/build/CMakeFiles/CMakeTmp'
Building C object CMakeFiles/cmTC_88856.dir/CMakeCCompilerABI.c.o
/usr/bin/clang-3.5    -o CMakeFiles/cmTC_88856.dir/CMakeCCompilerABI.c.o   -c /usr/local/share/cmake-3.10/Modules/CMakeCCompilerABI.c
Linking C executable cmTC_88856
/usr/local/bin/cmake -E cmake_link_script CMakeFiles/cmTC_88856.dir/link.txt --verbose=1
/usr/bin/clang-3.5     -v -rdynamic CMakeFiles/cmTC_88856.dir/CMakeCCompilerABI.c.o  -o cmTC_88856 
Ubuntu clang version 3.5.0-4ubuntu2~trusty2 (tags/RELEASE_350/final) (based on LLVM 3.5.0)
Target: x86_64-pc-linux-gnu
Thread model: posix
Found candidate GCC installation: /usr/bin/../lib/gcc/i686-linux-gnu/5.5.0
Found candidate GCC installation: /usr/bin/../lib/gcc/i686-linux-gnu/6.5.0
Found candidate GCC installation: /usr/bin/../lib/gcc/i686-linux-gnu/7.5.0
Found candidate GCC installation: /usr/bin/../lib/gcc/x86_64-linux-gnu/4.8
Found candidate GCC installation: /usr/bin/../lib/gcc/x86_64-linux-gnu/4.8.5
Found candidate GCC installation: /usr/bin/../lib/gcc/x86_64-linux-gnu/4.9
Found candidate GCC installation: /usr/bin/../lib/gcc/x86_64-linux-gnu/4.9.4
Found candidate GCC installation: /usr/bin/../lib/gcc/x86_64-linux-gnu/5.5.0
Found candidate GCC installation: /usr/bin/../lib/gcc/x86_64-linux-gnu/6.5.0
Found candidate GCC installation: /usr/bin/../lib/gcc/x86_64-linux-gnu/7.5.0
Found candidate GCC installation: /usr/lib/gcc/i686-linux-gnu/5.5.0
Found candidate GCC installation: /usr/lib/gcc/i686-linux-gnu/6.5.0
Found candidate GCC installation: /usr/lib/gcc/i686-linux-gnu/7.5.0
Found candidate GCC installation: /usr/lib/gcc/x86_64-linux-gnu/4.8
Found candidate GCC installation: /usr/lib/gcc/x86_64-linux-gnu/4.8.5
Found candidate GCC installation: /usr/lib/gcc/x86_64-linux-gnu/4.9
Found candidate GCC installation: /usr/lib/gcc/x86_64-linux-gnu/4.9.4
Found candidate GCC installation: /usr/lib/gcc/x86_64-linux-gnu/5.5.0
Found candidate GCC installation: /usr/lib/gcc/x86_64-linux-gnu/6.5.0
Found candidate GCC installation: /usr/lib/gcc/x86_64-linux-gnu/7.5.0
Selected GCC installation: /usr/bin/../lib/gcc/x86_64-linux-gnu/7.5.0
Candidate multilib: .;@m64
Selected multilib: .;@m64
 "/usr/bin/ld" -export-dynamic -z relro --hash-style=gnu --build-id --eh-frame-hdr -m elf_x86_64 -dynamic-linker /lib64/ld-linux-x86-64.so.2 -o cmTC_88856 /usr/bin/../lib/gcc/x86_64-linux-gnu/7.5.0/../../../x86_64-linux-gnu/crt1.o /usr/bin/../lib/gcc/x86_64-linux-gnu/7.5.0/../../../x86_64-linux-gnu/crti.o /usr/bin/../lib/gcc/x86_64-linux-gnu/7.5.0/crtbegin.o -L/usr/bin/../lib/gcc/x86_64-linux-gnu/7.5.0 -L/usr/bin/../lib/gcc/x86_64-linux-gnu/7.5.0/../../../x86_64-linux-gnu -L/lib/x86_64-linux-gnu -L/lib/../lib64 -L/usr/lib/x86_64-linux-gnu -L/usr/bin/../lib/gcc/x86_64-linux-gnu/7.5.0/../../.. -L/usr/lib/llvm-3.5/bin/../lib -L/lib -L/usr/lib CMakeFiles/cmTC_88856.dir/CMakeCCompilerABI.c.o -lgcc --as-needed -lgcc_s --no-as-needed -lc -lgcc --as-needed -lgcc_s --no-as-needed /usr/bin/../lib/gcc/x86_64-linux-gnu/7.5.0/crtend.o /usr/bin/../lib/gcc/x86_64-linux-gnu/7.5.0/../../../x86_64-linux-gnu/crtn.o
make[1]: Leaving directory `/home/builinh/Dropbox/SEASTAR2017/Linh_code_DTCB2021/ConfiLikelihood/build/CMakeFiles/CMakeTmp'


Parsed C implicit link information from above output:
  link line regex: [^( *|.*[/\])(ld|CMAKE_LINK_STARTFILE-NOTFOUND|([^/\]+-)?ld|collect2)[^/\]*( |$)]
  ignore line: [Change Dir: /home/builinh/Dropbox/SEASTAR2017/Linh_code_DTCB2021/ConfiLikelihood/build/CMakeFiles/CMakeTmp]
  ignore line: []
  ignore line: [Run Build Command:"/usr/bin/make" "cmTC_88856/fast"]
  ignore line: [/usr/bin/make -f CMakeFiles/cmTC_88856.dir/build.make CMakeFiles/cmTC_88856.dir/build]
  ignore line: [make[1]: Entering directory `/home/builinh/Dropbox/SEASTAR2017/Linh_code_DTCB2021/ConfiLikelihood/build/CMakeFiles/CMakeTmp']
  ignore line: [Building C object CMakeFiles/cmTC_88856.dir/CMakeCCompilerABI.c.o]
  ignore line: [/usr/bin/clang-3.5    -o CMakeFiles/cmTC_88856.dir/CMakeCCompilerABI.c.o   -c /usr/local/share/cmake-3.10/Modules/CMakeCCompilerABI.c]
  ignore line: [Linking C executable cmTC_88856]
  ignore line: [/usr/local/bin/cmake -E cmake_link_script CMakeFiles/cmTC_88856.dir/link.txt --verbose=1]
  ignore line: [/usr/bin/clang-3.5     -v -rdynamic CMakeFiles/cmTC_88856.dir/CMakeCCompilerABI.c.o  -o cmTC_88856 ]
  ignore line: [Ubuntu clang version 3.5.0-4ubuntu2~trusty2 (tags/RELEASE_350/final) (based on LLVM 3.5.0)]
  ignore line: [Target: x86_64-pc-linux-gnu]
  ignore line: [Thread model: posix]
  ignore line: [Found candidate GCC installation: /usr/bin/../lib/gcc/i686-linux-gnu/5.5.0]
  ignore line: [Found candidate GCC installation: /usr/bin/../lib/gcc/i686-linux-gnu/6.5.0]
  ignore line: [Found candidate GCC installation: /usr/bin/../lib/gcc/i686-linux-gnu/7.5.0]
  ignore line: [Found candidate GCC installation: /usr/bin/../lib/gcc/x86_64-linux-gnu/4.8]
  ignore line: [Found candidate GCC installation: /usr/bin/../lib/gcc/x86_64-linux-gnu/4.8.5]
  ignore line: [Found candidate GCC installation: /usr/bin/../lib/gcc/x86_64-linux-gnu/4.9]
  ignore line: [Found candidate GCC installation: /usr/bin/../lib/gcc/x86_64-linux-gnu/4.9.4]
  ignore line: [Found candidate GCC installation: /usr/bin/../lib/gcc/x86_64-linux-gnu/5.5.0]
  ignore line: [Found candidate GCC installation: /usr/bin/../lib/gcc/x86_64-linux-gnu/6.5.0]
  ignore line: [Found candidate GCC installation: /usr/bin/../lib/gcc/x86_64-linux-gnu/7.5.0]
  ignore line: [Found candidate GCC installation: /usr/lib/gcc/i686-linux-gnu/5.5.0]
  ignore line: [Found candidate GCC installation: /usr/lib/gcc/i686-linux-gnu/6.5.0]
  ignore line: [Found candidate GCC installation: /usr/lib/gcc/i686-linux-gnu/7.5.0]
  ignore line: [Found candidate GCC installation: /usr/lib/gcc/x86_64-linux-gnu/4.8]
  ignore line: [Found candidate GCC installation: /usr/lib/gcc/x86_64-linux-gnu/4.8.5]
  ignore line: [Found candidate GCC installation: /usr/lib/gcc/x86_64-linux-gnu/4.9]
  ignore line: [Found candidate GCC installation: /usr/lib/gcc/x86_64-linux-gnu/4.9.4]
  ignore line: [Found candidate GCC installation: /usr/lib/gcc/x86_64-linux-gnu/5.5.0]
  ignore line: [Found candidate GCC installation: /usr/lib/gcc/x86_64-linux-gnu/6.5.0]
  ignore line: [Found candidate GCC installation: /usr/lib/gcc/x86_64-linux-gnu/7.5.0]
  ignore line: [Selected GCC installation: /usr/bin/../lib/gcc/x86_64-linux-gnu/7.5.0]
  ignore line: [Candidate multilib: .]
  ignore line: [@m64]
  ignore line: [Selected multilib: .]
  ignore line: [@m64]
  link line: [ "/usr/bin/ld" -export-dynamic -z relro --hash-style=gnu --build-id --eh-frame-hdr -m elf_x86_64 -dynamic-linker /lib64/ld-linux-x86-64.so.2 -o cmTC_88856 /usr/bin/../lib/gcc/x86_64-linux-gnu/7.5.0/../../../x86_64-linux-gnu/crt1.o /usr/bin/../lib/gcc/x86_64-linux-gnu/7.5.0/../../../x86_64-linux-gnu/crti.o /usr/bin/../lib/gcc/x86_64-linux-gnu/7.5.0/crtbegin.o -L/usr/bin/../lib/gcc/x86_64-linux-gnu/7.5.0 -L/usr/bin/../lib/gcc/x86_64-linux-gnu/7.5.0/../../../x86_64-linux-gnu -L/lib/x86_64-linux-gnu -L/lib/../lib64 -L/usr/lib/x86_64-linux-gnu -L/usr/bin/../lib/gcc/x86_64-linux-gnu/7.5.0/../../.. -L/usr/lib/llvm-3.5/bin/../lib -L/lib -L/usr/lib CMakeFiles/cmTC_88856.dir/CMakeCCompilerABI.c.o -lgcc --as-needed -lgcc_s --no-as-needed -lc -lgcc --as-needed -lgcc_s --no-as-needed /usr/bin/../lib/gcc/x86_64-linux-gnu/7.5.0/crtend.o /usr/bin/../lib/gcc/x86_64-linux-gnu/7.5.0/../../../x86_64-linux-gnu/crtn.o]
    arg [/usr/bin/ld] ==> ignore
    arg [-export-dynamic] ==> ignore
    arg [-zrelro] ==> ignore
    arg [--hash-style=gnu] ==> ignore
    arg [--build-id] ==> ignore
    arg [--eh-frame-hdr] ==> ignore
    arg [-m] ==> ignore
    arg [elf_x86_64] ==> ignore
    arg [-dynamic-linker] ==> ignore
    arg [/lib64/ld-linux-x86-64.so.2] ==> ignore
    arg [-o] ==> ignore
    arg [cmTC_88856] ==> ignore
    arg [/usr/bin/../lib/gcc/x86_64-linux-gnu/7.5.0/../../../x86_64-linux-gnu/crt1.o] ==> ignore
    arg [/usr/bin/../lib/gcc/x86_64-linux-gnu/7.5.0/../../../x86_64-linux-gnu/crti.o] ==> ignore
    arg [/usr/bin/../lib/gcc/x86_64-linux-gnu/7.5.0/crtbegin.o] ==> ignore
    arg [-L/usr/bin/../lib/gcc/x86_64-linux-gnu/7.5.0] ==> dir [/usr/bin/../lib/gcc/x86_64-linux-gnu/7.5.0]
    arg [-L/usr/bin/../lib/gcc/x86_64-linux-gnu/7.5.0/../../../x86_64-linux-gnu] ==> dir [/usr/bin/../lib/gcc/x86_64-linux-gnu/7.5.0/../../../x86_64-linux-gnu]
    arg [-L/lib/x86_64-linux-gnu] ==> dir [/lib/x86_64-linux-gnu]
    arg [-L/lib/../lib64] ==> dir [/lib/../lib64]
    arg [-L/usr/lib/x86_64-linux-gnu] ==> dir [/usr/lib/x86_64-linux-gnu]
    arg [-L/usr/bin/../lib/gcc/x86_64-linux-gnu/7.5.0/../../..] ==> dir [/usr/bin/../lib/gcc/x86_64-linux-gnu/7.5.0/../../..]
    arg [-L/usr/lib/llvm-3.5/bin/../lib] ==> dir [/usr/lib/llvm-3.5/bin/../lib]
    arg [-L/lib] ==> dir [/lib]
    arg [-L/usr/lib] ==> dir [/usr/lib]
    arg [CMakeFiles/cmTC_88856.dir/CMakeCCompilerABI.c.o] ==> ignore
    arg [-lgcc] ==> lib [gcc]
    arg [--as-needed] ==> ignore
    arg [-lgcc_s] ==> lib [gcc_s]
    arg [--no-as-needed] ==> ignore
    arg [-lc] ==> lib [c]
    arg [-lgcc] ==> lib [gcc]
    arg [--as-needed] ==> ignore
    arg [-lgcc_s] ==> lib [gcc_s]
    arg [--no-as-needed] ==> ignore
    arg [/usr/bin/../lib/gcc/x86_64-linux-gnu/7.5.0/crtend.o] ==> ignore
    arg [/usr/bin/../lib/gcc/x86_64-linux-gnu/7.5.0/../../../x86_64-linux-gnu/crtn.o] ==> ignore
  collapse library dir [/usr/bin/../lib/gcc/x86_64-linux-gnu/7.5.0] ==> [/usr/lib/gcc/x86_64-linux-gnu/7.5.0]
  collapse library dir [/usr/bin/../lib/gcc/x86_64-linux-gnu/7.5.0/../../../x86_64-linux-gnu] ==> [/usr/lib/x86_64-linux-gnu]
  collapse library dir [/lib/x86_64-linux-gnu] ==> [/lib/x86_64-linux-gnu]
  collapse library dir [/lib/../lib64] ==> [/lib64]
  collapse library dir [/usr/lib/x86_64-linux-gnu] ==> [/usr/lib/x86_64-linux-gnu]
  collapse library dir [/usr/bin/../lib/gcc/x86_64-linux-gnu/7.5.0/../../..] ==> [/usr/lib]
  collapse library dir [/usr/lib/llvm-3.5/bin/../lib] ==> [/usr/lib/llvm-3.5/lib]
  collapse library dir [/lib] ==> [/lib]
  collapse library dir [/usr/lib] ==> [/usr/lib]
  implicit libs: [gcc;gcc_s;c;gcc;gcc_s]
  implicit dirs: [/usr/lib/gcc/x86_64-linux-gnu/7.5.0;/usr/lib/x86_64-linux-gnu;/lib/x86_64-linux-gnu;/lib64;/usr/lib;/usr/lib/llvm-3.5/lib;/lib]
  implicit fwks: []




Detecting C [-std=c11] compiler features compiled with the following output:
Change Dir: /home/builinh/Dropbox/SEASTAR2017/Linh_code_DTCB2021/ConfiLikelihood/build/CMakeFiles/CMakeTmp

Run Build Command:"/usr/bin/make" "cmTC_5ad3b/fast"
/usr/bin/make -f CMakeFiles/cmTC_5ad3b.dir/build.make CMakeFiles/cmTC_5ad3b.dir/build
make[1]: Entering directory `/home/builinh/Dropbox/SEASTAR2017/Linh_code_DTCB2021/ConfiLikelihood/build/CMakeFiles/CMakeTmp'
Building C object CMakeFiles/cmTC_5ad3b.dir/feature_tests.c.o
/usr/bin/clang-3.5   -std=c11 -o CMakeFiles/cmTC_5ad3b.dir/feature_tests.c.o   -c /home/builinh/Dropbox/SEASTAR2017/Linh_code_DTCB2021/ConfiLikelihood/build/CMakeFiles/feature_tests.c
Linking C executable cmTC_5ad3b
/usr/local/bin/cmake -E cmake_link_script CMakeFiles/cmTC_5ad3b.dir/link.txt --verbose=1
/usr/bin/clang-3.5      -rdynamic CMakeFiles/cmTC_5ad3b.dir/feature_tests.c.o  -o cmTC_5ad3b 
make[1]: Leaving directory `/home/builinh/Dropbox/SEASTAR2017/Linh_code_DTCB2021/ConfiLikelihood/build/CMakeFiles/CMakeTmp'


    Feature record: C_FEATURE:1c_function_prototypes
    Feature record: C_FEATURE:1c_restrict
    Feature record: C_FEATURE:1c_static_assert
    Feature record: C_FEATURE:1c_variadic_macros


Detecting C [-std=c99] compiler features compiled with the following output:
Change Dir: /home/builinh/Dropbox/SEASTAR2017/Linh_code_DTCB2021/ConfiLikelihood/build/CMakeFiles/CMakeTmp

Run Build Command:"/usr/bin/make" "cmTC_dff40/fast"
/usr/bin/make -f CMakeFiles/cmTC_dff40.dir/build.make CMakeFiles/cmTC_dff40.dir/build
make[1]: Entering directory `/home/builinh/Dropbox/SEASTAR2017/Linh_code_DTCB2021/ConfiLikelihood/build/CMakeFiles/CMakeTmp'
Building C object CMakeFiles/cmTC_dff40.dir/feature_tests.c.o
/usr/bin/clang-3.5   -std=c99 -o CMakeFiles/cmTC_dff40.dir/feature_tests.c.o   -c /home/builinh/Dropbox/SEASTAR2017/Linh_code_DTCB2021/ConfiLikelihood/build/CMakeFiles/feature_tests.c
Linking C executable cmTC_dff40
/usr/local/bin/cmake -E cmake_link_script CMakeFiles/cmTC_dff40.dir/link.txt --verbose=1
/usr/bin/clang-3.5      -rdynamic CMakeFiles/cmTC_dff40.dir/feature_tests.c.o  -o cmTC_dff40 
make[1]: Leaving directory `/home/builinh/Dropbox/SEASTAR2017/Linh_code_DTCB2021/ConfiLikelihood/build/CMakeFiles/CMakeTmp'


    Feature record: C_FEATURE:1c_function_prototypes
    Feature record: C_FEATURE:1c_restrict
    Feature record: C_FEATURE:0c_static_assert
    Feature record: C_FEATURE:1c_variadic_macros


Detecting C [-std=c90] compiler features compiled with the following output:
Change Dir: /home/builinh/Dropbox/SEASTAR2017/Linh_code_DTCB2021/ConfiLikelihood/build/CMakeFiles/CMakeTmp

Run Build Command:"/usr/bin/make" "cmTC_a5317/fast"
/usr/bin/make -f CMakeFiles/cmTC_a5317.dir/build.make CMakeFiles/cmTC_a5317.dir/build
make[1]: Entering directory `/home/builinh/Dropbox/SEASTAR2017/Linh_code_DTCB2021/ConfiLikelihood/build/CMakeFiles/CMakeTmp'
Building C object CMakeFiles/cmTC_a5317.dir/feature_tests.c.o
/usr/bin/clang-3.5   -std=c90 -o CMakeFiles/cmTC_a5317.dir/feature_tests.c.o   -c /home/builinh/Dropbox/SEASTAR2017/Linh_code_DTCB2021/ConfiLikelihood/build/CMakeFiles/feature_tests.c
Linking C executable cmTC_a5317
/usr/local/bin/cmake -E cmake_link_script CMakeFiles/cmTC_a5317.dir/link.txt --verbose=1
/usr/bin/clang-3.5      -rdynamic CMakeFiles/cmTC_a5317.dir/feature_tests.c.o  -o cmTC_a5317 
make[1]: Leaving directory `/home/builinh/Dropbox/SEASTAR2017/Linh_code_DTCB2021/ConfiLikelihood/build/CMakeFiles/CMakeTmp'


    Feature record: C_FEATURE:1c_function_prototypes
    Feature record: C_FEATURE:0c_restrict
    Feature record: C_FEATURE:0c_static_assert
    Feature record: C_FEATURE:0c_variadic_macros
Determining if the CXX compiler works passed with the following output:
Change Dir: /home/builinh/Dropbox/SEASTAR2017/Linh_code_DTCB2021/ConfiLikelihood/build/CMakeFiles/CMakeTmp

Run Build Command:"/usr/bin/make" "cmTC_25a0a/fast"
/usr/bin/make -f CMakeFiles/cmTC_25a0a.dir/build.make CMakeFiles/cmTC_25a0a.dir/build
make[1]: Entering directory `/home/builinh/Dropbox/SEASTAR2017/Linh_code_DTCB2021/ConfiLikelihood/build/CMakeFiles/CMakeTmp'
Building CXX object CMakeFiles/cmTC_25a0a.dir/testCXXCompiler.cxx.o
/usr/bin/clang++-3.5     -o CMakeFiles/cmTC_25a0a.dir/testCXXCompiler.cxx.o -c /home/builinh/Dropbox/SEASTAR2017/Linh_code_DTCB2021/ConfiLikelihood/build/CMakeFiles/CMakeTmp/testCXXCompiler.cxx
Linking CXX executable cmTC_25a0a
/usr/local/bin/cmake -E cmake_link_script CMakeFiles/cmTC_25a0a.dir/link.txt --verbose=1
/usr/bin/clang++-3.5       -rdynamic CMakeFiles/cmTC_25a0a.dir/testCXXCompiler.cxx.o  -o cmTC_25a0a 
make[1]: Leaving directory `/home/builinh/Dropbox/SEASTAR2017/Linh_code_DTCB2021/ConfiLikelihood/build/CMakeFiles/CMakeTmp'


Detecting CXX compiler ABI info compiled with the following output:
Change Dir: /home/builinh/Dropbox/SEASTAR2017/Linh_code_DTCB2021/ConfiLikelihood/build/CMakeFiles/CMakeTmp

Run Build Command:"/usr/bin/make" "cmTC_fddbd/fast"
/usr/bin/make -f CMakeFiles/cmTC_fddbd.dir/build.make CMakeFiles/cmTC_fddbd.dir/build
make[1]: Entering directory `/home/builinh/Dropbox/SEASTAR2017/Linh_code_DTCB2021/ConfiLikelihood/build/CMakeFiles/CMakeTmp'
Building CXX object CMakeFiles/cmTC_fddbd.dir/CMakeCXXCompilerABI.cpp.o
/usr/bin/clang++-3.5     -o CMakeFiles/cmTC_fddbd.dir/CMakeCXXCompilerABI.cpp.o -c /usr/local/share/cmake-3.10/Modules/CMakeCXXCompilerABI.cpp
Linking CXX executable cmTC_fddbd
/usr/local/bin/cmake -E cmake_link_script CMakeFiles/cmTC_fddbd.dir/link.txt --verbose=1
/usr/bin/clang++-3.5      -v -rdynamic CMakeFiles/cmTC_fddbd.dir/CMakeCXXCompilerABI.cpp.o  -o cmTC_fddbd 
Ubuntu clang version 3.5.0-4ubuntu2~trusty2 (tags/RELEASE_350/final) (based on LLVM 3.5.0)
Target: x86_64-pc-linux-gnu
Thread model: posix
Found candidate GCC installation: /usr/bin/../lib/gcc/i686-linux-gnu/5.5.0
Found candidate GCC installation: /usr/bin/../lib/gcc/i686-linux-gnu/6.5.0
Found candidate GCC installation: /usr/bin/../lib/gcc/i686-linux-gnu/7.5.0
Found candidate GCC installation: /usr/bin/../lib/gcc/x86_64-linux-gnu/4.8
Found candidate GCC installation: /usr/bin/../lib/gcc/x86_64-linux-gnu/4.8.5
Found candidate GCC installation: /usr/bin/../lib/gcc/x86_64-linux-gnu/4.9
Found candidate GCC installation: /usr/bin/../lib/gcc/x86_64-linux-gnu/4.9.4
Found candidate GCC installation: /usr/bin/../lib/gcc/x86_64-linux-gnu/5.5.0
Found candidate GCC installation: /usr/bin/../lib/gcc/x86_64-linux-gnu/6.5.0
Found candidate GCC installation: /usr/bin/../lib/gcc/x86_64-linux-gnu/7.5.0
Found candidate GCC installation: /usr/lib/gcc/i686-linux-gnu/5.5.0
Found candidate GCC installation: /usr/lib/gcc/i686-linux-gnu/6.5.0
Found candidate GCC installation: /usr/lib/gcc/i686-linux-gnu/7.5.0
Found candidate GCC installation: /usr/lib/gcc/x86_64-linux-gnu/4.8
Found candidate GCC installation: /usr/lib/gcc/x86_64-linux-gnu/4.8.5
Found candidate GCC installation: /usr/lib/gcc/x86_64-linux-gnu/4.9
Found candidate GCC installation: /usr/lib/gcc/x86_64-linux-gnu/4.9.4
Found candidate GCC installation: /usr/lib/gcc/x86_64-linux-gnu/5.5.0
Found candidate GCC installation: /usr/lib/gcc/x86_64-linux-gnu/6.5.0
Found candidate GCC installation: /usr/lib/gcc/x86_64-linux-gnu/7.5.0
Selected GCC installation: /usr/bin/../lib/gcc/x86_64-linux-gnu/7.5.0
Candidate multilib: .;@m64
Selected multilib: .;@m64
 "/usr/bin/ld" -export-dynamic -z relro --hash-style=gnu --build-id --eh-frame-hdr -m elf_x86_64 -dynamic-linker /lib64/ld-linux-x86-64.so.2 -o cmTC_fddbd /usr/bin/../lib/gcc/x86_64-linux-gnu/7.5.0/../../../x86_64-linux-gnu/crt1.o /usr/bin/../lib/gcc/x86_64-linux-gnu/7.5.0/../../../x86_64-linux-gnu/crti.o /usr/bin/../lib/gcc/x86_64-linux-gnu/7.5.0/crtbegin.o -L/usr/bin/../lib/gcc/x86_64-linux-gnu/7.5.0 -L/usr/bin/../lib/gcc/x86_64-linux-gnu/7.5.0/../../../x86_64-linux-gnu -L/lib/x86_64-linux-gnu -L/lib/../lib64 -L/usr/lib/x86_64-linux-gnu -L/usr/bin/../lib/gcc/x86_64-linux-gnu/7.5.0/../../.. -L/usr/lib/llvm-3.5/bin/../lib -L/lib -L/usr/lib CMakeFiles/cmTC_fddbd.dir/CMakeCXXCompilerABI.cpp.o -lstdc++ -lm -lgcc_s -lgcc -lc -lgcc_s -lgcc /usr/bin/../lib/gcc/x86_64-linux-gnu/7.5.0/crtend.o /usr/bin/../lib/gcc/x86_64-linux-gnu/7.5.0/../../../x86_64-linux-gnu/crtn.o
make[1]: Leaving directory `/home/builinh/Dropbox/SEASTAR2017/Linh_code_DTCB2021/ConfiLikelihood/build/CMakeFiles/CMakeTmp'


Parsed CXX implicit link information from above output:
  link line regex: [^( *|.*[/\])(ld|CMAKE_LINK_STARTFILE-NOTFOUND|([^/\]+-)?ld|collect2)[^/\]*( |$)]
  ignore line: [Change Dir: /home/builinh/Dropbox/SEASTAR2017/Linh_code_DTCB2021/ConfiLikelihood/build/CMakeFiles/CMakeTmp]
  ignore line: []
  ignore line: [Run Build Command:"/usr/bin/make" "cmTC_fddbd/fast"]
  ignore line: [/usr/bin/make -f CMakeFiles/cmTC_fddbd.dir/build.make CMakeFiles/cmTC_fddbd.dir/build]
  ignore line: [make[1]: Entering directory `/home/builinh/Dropbox/SEASTAR2017/Linh_code_DTCB2021/ConfiLikelihood/build/CMakeFiles/CMakeTmp']
  ignore line: [Building CXX object CMakeFiles/cmTC_fddbd.dir/CMakeCXXCompilerABI.cpp.o]
  ignore line: [/usr/bin/clang++-3.5     -o CMakeFiles/cmTC_fddbd.dir/CMakeCXXCompilerABI.cpp.o -c /usr/local/share/cmake-3.10/Modules/CMakeCXXCompilerABI.cpp]
  ignore line: [Linking CXX executable cmTC_fddbd]
  ignore line: [/usr/local/bin/cmake -E cmake_link_script CMakeFiles/cmTC_fddbd.dir/link.txt --verbose=1]
  ignore line: [/usr/bin/clang++-3.5      -v -rdynamic CMakeFiles/cmTC_fddbd.dir/CMakeCXXCompilerABI.cpp.o  -o cmTC_fddbd ]
  ignore line: [Ubuntu clang version 3.5.0-4ubuntu2~trusty2 (tags/RELEASE_350/final) (based on LLVM 3.5.0)]
  ignore line: [Target: x86_64-pc-linux-gnu]
  ignore line: [Thread model: posix]
  ignore line: [Found candidate GCC installation: /usr/bin/../lib/gcc/i686-linux-gnu/5.5.0]
  ignore line: [Found candidate GCC installation: /usr/bin/../lib/gcc/i686-linux-gnu/6.5.0]
  ignore line: [Found candidate GCC installation: /usr/bin/../lib/gcc/i686-linux-gnu/7.5.0]
  ignore line: [Found candidate GCC installation: /usr/bin/../lib/gcc/x86_64-linux-gnu/4.8]
  ignore line: [Found candidate GCC installation: /usr/bin/../lib/gcc/x86_64-linux-gnu/4.8.5]
  ignore line: [Found candidate GCC installation: /usr/bin/../lib/gcc/x86_64-linux-gnu/4.9]
  ignore line: [Found candidate GCC installation: /usr/bin/../lib/gcc/x86_64-linux-gnu/4.9.4]
  ignore line: [Found candidate GCC installation: /usr/bin/../lib/gcc/x86_64-linux-gnu/5.5.0]
  ignore line: [Found candidate GCC installation: /usr/bin/../lib/gcc/x86_64-linux-gnu/6.5.0]
  ignore line: [Found candidate GCC installation: /usr/bin/../lib/gcc/x86_64-linux-gnu/7.5.0]
  ignore line: [Found candidate GCC installation: /usr/lib/gcc/i686-linux-gnu/5.5.0]
  ignore line: [Found candidate GCC installation: /usr/lib/gcc/i686-linux-gnu/6.5.0]
  ignore line: [Found candidate GCC installation: /usr/lib/gcc/i686-linux-gnu/7.5.0]
  ignore line: [Found candidate GCC installation: /usr/lib/gcc/x86_64-linux-gnu/4.8]
  ignore line: [Found candidate GCC installation: /usr/lib/gcc/x86_64-linux-gnu/4.8.5]
  ignore line: [Found candidate GCC installation: /usr/lib/gcc/x86_64-linux-gnu/4.9]
  ignore line: [Found candidate GCC installation: /usr/lib/gcc/x86_64-linux-gnu/4.9.4]
  ignore line: [Found candidate GCC installation: /usr/lib/gcc/x86_64-linux-gnu/5.5.0]
  ignore line: [Found candidate GCC installation: /usr/lib/gcc/x86_64-linux-gnu/6.5.0]
  ignore line: [Found candidate GCC installation: /usr/lib/gcc/x86_64-linux-gnu/7.5.0]
  ignore line: [Selected GCC installation: /usr/bin/../lib/gcc/x86_64-linux-gnu/7.5.0]
  ignore line: [Candidate multilib: .]
  ignore line: [@m64]
  ignore line: [Selected multilib: .]
  ignore line: [@m64]
  link line: [ "/usr/bin/ld" -export-dynamic -z relro --hash-style=gnu --build-id --eh-frame-hdr -m elf_x86_64 -dynamic-linker /lib64/ld-linux-x86-64.so.2 -o cmTC_fddbd /usr/bin/../lib/gcc/x86_64-linux-gnu/7.5.0/../../../x86_64-linux-gnu/crt1.o /usr/bin/../lib/gcc/x86_64-linux-gnu/7.5.0/../../../x86_64-linux-gnu/crti.o /usr/bin/../lib/gcc/x86_64-linux-gnu/7.5.0/crtbegin.o -L/usr/bin/../lib/gcc/x86_64-linux-gnu/7.5.0 -L/usr/bin/../lib/gcc/x86_64-linux-gnu/7.5.0/../../../x86_64-linux-gnu -L/lib/x86_64-linux-gnu -L/lib/../lib64 -L/usr/lib/x86_64-linux-gnu -L/usr/bin/../lib/gcc/x86_64-linux-gnu/7.5.0/../../.. -L/usr/lib/llvm-3.5/bin/../lib -L/lib -L/usr/lib CMakeFiles/cmTC_fddbd.dir/CMakeCXXCompilerABI.cpp.o -lstdc++ -lm -lgcc_s -lgcc -lc -lgcc_s -lgcc /usr/bin/../lib/gcc/x86_64-linux-gnu/7.5.0/crtend.o /usr/bin/../lib/gcc/x86_64-linux-gnu/7.5.0/../../../x86_64-linux-gnu/crtn.o]
    arg [/usr/bin/ld] ==> ignore
    arg [-export-dynamic] ==> ignore
    arg [-zrelro] ==> ignore
    arg [--hash-style=gnu] ==> ignore
    arg [--build-id] ==> ignore
    arg [--eh-frame-hdr] ==> ignore
    arg [-m] ==> ignore
    arg [elf_x86_64] ==> ignore
    arg [-dynamic-linker] ==> ignore
    arg [/lib64/ld-linux-x86-64.so.2] ==> ignore
    arg [-o] ==> ignore
    arg [cmTC_fddbd] ==> ignore
    arg [/usr/bin/../lib/gcc/x86_64-linux-gnu/7.5.0/../../../x86_64-linux-gnu/crt1.o] ==> ignore
    arg [/usr/bin/../lib/gcc/x86_64-linux-gnu/7.5.0/../../../x86_64-linux-gnu/crti.o] ==> ignore
    arg [/usr/bin/../lib/gcc/x86_64-linux-gnu/7.5.0/crtbegin.o] ==> ignore
    arg [-L/usr/bin/../lib/gcc/x86_64-linux-gnu/7.5.0] ==> dir [/usr/bin/../lib/gcc/x86_64-linux-gnu/7.5.0]
    arg [-L/usr/bin/../lib/gcc/x86_64-linux-gnu/7.5.0/../../../x86_64-linux-gnu] ==> dir [/usr/bin/../lib/gcc/x86_64-linux-gnu/7.5.0/../../../x86_64-linux-gnu]
    arg [-L/lib/x86_64-linux-gnu] ==> dir [/lib/x86_64-linux-gnu]
    arg [-L/lib/../lib64] ==> dir [/lib/../lib64]
    arg [-L/usr/lib/x86_64-linux-gnu] ==> dir [/usr/lib/x86_64-linux-gnu]
    arg [-L/usr/bin/../lib/gcc/x86_64-linux-gnu/7.5.0/../../..] ==> dir [/usr/bin/../lib/gcc/x86_64-linux-gnu/7.5.0/../../..]
    arg [-L/usr/lib/llvm-3.5/bin/../lib] ==> dir [/usr/lib/llvm-3.5/bin/../lib]
    arg [-L/lib] ==> dir [/lib]
    arg [-L/usr/lib] ==> dir [/usr/lib]
    arg [CMakeFiles/cmTC_fddbd.dir/CMakeCXXCompilerABI.cpp.o] ==> ignore
    arg [-lstdc++] ==> lib [stdc++]
    arg [-lm] ==> lib [m]
    arg [-lgcc_s] ==> lib [gcc_s]
    arg [-lgcc] ==> lib [gcc]
    arg [-lc] ==> lib [c]
    arg [-lgcc_s] ==> lib [gcc_s]
    arg [-lgcc] ==> lib [gcc]
    arg [/usr/bin/../lib/gcc/x86_64-linux-gnu/7.5.0/crtend.o] ==> ignore
    arg [/usr/bin/../lib/gcc/x86_64-linux-gnu/7.5.0/../../../x86_64-linux-gnu/crtn.o] ==> ignore
  collapse library dir [/usr/bin/../lib/gcc/x86_64-linux-gnu/7.5.0] ==> [/usr/lib/gcc/x86_64-linux-gnu/7.5.0]
  collapse library dir [/usr/bin/../lib/gcc/x86_64-linux-gnu/7.5.0/../../../x86_64-linux-gnu] ==> [/usr/lib/x86_64-linux-gnu]
  collapse library dir [/lib/x86_64-linux-gnu] ==> [/lib/x86_64-linux-gnu]
  collapse library dir [/lib/../lib64] ==> [/lib64]
  collapse library dir [/usr/lib/x86_64-linux-gnu] ==> [/usr/lib/x86_64-linux-gnu]
  collapse library dir [/usr/bin/../lib/gcc/x86_64-linux-gnu/7.5.0/../../..] ==> [/usr/lib]
  collapse library dir [/usr/lib/llvm-3.5/bin/../lib] ==> [/usr/lib/llvm-3.5/lib]
  collapse library dir [/lib] ==> [/lib]
  collapse library dir [/usr/lib] ==> [/usr/lib]
  implicit libs: [stdc++;m;gcc_s;gcc;c;gcc_s;gcc]
  implicit dirs: [/usr/lib/gcc/x86_64-linux-gnu/7.5.0;/usr/lib/x86_64-linux-gnu;/lib/x86_64-linux-gnu;/lib64;/usr/lib;/usr/lib/llvm-3.5/lib;/lib]
  implicit fwks: []




Detecting CXX [-std=c++1z] compiler features compiled with the following output:
Change Dir: /home/builinh/Dropbox/SEASTAR2017/Linh_code_DTCB2021/ConfiLikelihood/build/CMakeFiles/CMakeTmp

Run Build Command:"/usr/bin/make" "cmTC_a2769/fast"
/usr/bin/make -f CMakeFiles/cmTC_a2769.dir/build.make CMakeFiles/cmTC_a2769.dir/build
make[1]: Entering directory `/home/builinh/Dropbox/SEASTAR2017/Linh_code_DTCB2021/ConfiLikelihood/build/CMakeFiles/CMakeTmp'
Building CXX object CMakeFiles/cmTC_a2769.dir/feature_tests.cxx.o
/usr/bin/clang++-3.5    -std=c++1z -o CMakeFiles/cmTC_a2769.dir/feature_tests.cxx.o -c /home/builinh/Dropbox/SEASTAR2017/Linh_code_DTCB2021/ConfiLikelihood/build/CMakeFiles/feature_tests.cxx
Linking CXX executable cmTC_a2769
/usr/local/bin/cmake -E cmake_link_script CMakeFiles/cmTC_a2769.dir/link.txt --verbose=1
/usr/bin/clang++-3.5       -rdynamic CMakeFiles/cmTC_a2769.dir/feature_tests.cxx.o  -o cmTC_a2769 
make[1]: Leaving directory `/home/builinh/Dropbox/SEASTAR2017/Linh_code_DTCB2021/ConfiLikelihood/build/CMakeFiles/CMakeTmp'


    Feature record: CXX_FEATURE:1cxx_aggregate_default_initializers
    Feature record: CXX_FEATURE:1cxx_alias_templates
    Feature record: CXX_FEATURE:1cxx_alignas
    Feature record: CXX_FEATURE:1cxx_alignof
    Feature record: CXX_FEATURE:1cxx_attributes
    Feature record: CXX_FEATURE:1cxx_attribute_deprecated
    Feature record: CXX_FEATURE:1cxx_auto_type
    Feature record: CXX_FEATURE:1cxx_binary_literals
    Feature record: CXX_FEATURE:1cxx_constexpr
    Feature record: CXX_FEATURE:1cxx_contextual_conversions
    Feature record: CXX_FEATURE:1cxx_decltype
    Feature record: CXX_FEATURE:1cxx_decltype_auto
    Feature record: CXX_FEATURE:1cxx_decltype_incomplete_return_types
    Feature record: CXX_FEATURE:1cxx_default_function_template_args
    Feature record: CXX_FEATURE:1cxx_defaulted_functions
    Feature record: CXX_FEATURE:1cxx_defaulted_move_initializers
    Feature record: CXX_FEATURE:1cxx_delegating_constructors
    Feature record: CXX_FEATURE:1cxx_deleted_functions
    Feature record: CXX_FEATURE:1cxx_digit_separators
    Feature record: CXX_FEATURE:1cxx_enum_forward_declarations
    Feature record: CXX_FEATURE:1cxx_explicit_conversions
    Feature record: CXX_FEATURE:1cxx_extended_friend_declarations
    Feature record: CXX_FEATURE:1cxx_extern_templates
    Feature record: CXX_FEATURE:1cxx_final
    Feature record: CXX_FEATURE:1cxx_func_identifier
    Feature record: CXX_FEATURE:1cxx_generalized_initializers
    Feature record: CXX_FEATURE:1cxx_generic_lambdas
    Feature record: CXX_FEATURE:1cxx_inheriting_constructors
    Feature record: CXX_FEATURE:1cxx_inline_namespaces
    Feature record: CXX_FEATURE:1cxx_lambdas
    Feature record: CXX_FEATURE:1cxx_lambda_init_captures
    Feature record: CXX_FEATURE:1cxx_local_type_template_args
    Feature record: CXX_FEATURE:1cxx_long_long_type
    Feature record: CXX_FEATURE:1cxx_noexcept
    Feature record: CXX_FEATURE:1cxx_nonstatic_member_init
    Feature record: CXX_FEATURE:1cxx_nullptr
    Feature record: CXX_FEATURE:1cxx_override
    Feature record: CXX_FEATURE:1cxx_range_for
    Feature record: CXX_FEATURE:1cxx_raw_string_literals
    Feature record: CXX_FEATURE:1cxx_reference_qualified_functions
    Feature record: CXX_FEATURE:1cxx_relaxed_constexpr
    Feature record: CXX_FEATURE:1cxx_return_type_deduction
    Feature record: CXX_FEATURE:1cxx_right_angle_brackets
    Feature record: CXX_FEATURE:1cxx_rvalue_references
    Feature record: CXX_FEATURE:1cxx_sizeof_member
    Feature record: CXX_FEATURE:1cxx_static_assert
    Feature record: CXX_FEATURE:1cxx_strong_enums
    Feature record: CXX_FEATURE:1cxx_template_template_parameters
    Feature record: CXX_FEATURE:1cxx_thread_local
    Feature record: CXX_FEATURE:1cxx_trailing_return_types
    Feature record: CXX_FEATURE:1cxx_unicode_literals
    Feature record: CXX_FEATURE:1cxx_uniform_initialization
    Feature record: CXX_FEATURE:1cxx_unrestricted_unions
    Feature record: CXX_FEATURE:1cxx_user_literals
    Feature record: CXX_FEATURE:1cxx_variable_templates
    Feature record: CXX_FEATURE:1cxx_variadic_macros
    Feature record: CXX_FEATURE:1cxx_variadic_templates


Detecting CXX [-std=c++14] compiler features compiled with the following output:
Change Dir: /home/builinh/Dropbox/SEASTAR2017/Linh_code_DTCB2021/ConfiLikelihood/build/CMakeFiles/CMakeTmp

Run Build Command:"/usr/bin/make" "cmTC_62bdb/fast"
/usr/bin/make -f CMakeFiles/cmTC_62bdb.dir/build.make CMakeFiles/cmTC_62bdb.dir/build
make[1]: Entering directory `/home/builinh/Dropbox/SEASTAR2017/Linh_code_DTCB2021/ConfiLikelihood/build/CMakeFiles/CMakeTmp'
Building CXX object CMakeFiles/cmTC_62bdb.dir/feature_tests.cxx.o
/usr/bin/clang++-3.5    -std=c++14 -o CMakeFiles/cmTC_62bdb.dir/feature_tests.cxx.o -c /home/builinh/Dropbox/SEASTAR2017/Linh_code_DTCB2021/ConfiLikelihood/build/CMakeFiles/feature_tests.cxx
Linking CXX executable cmTC_62bdb
/usr/local/bin/cmake -E cmake_link_script CMakeFiles/cmTC_62bdb.dir/link.txt --verbose=1
/usr/bin/clang++-3.5       -rdynamic CMakeFiles/cmTC_62bdb.dir/feature_tests.cxx.o  -o cmTC_62bdb 
make[1]: Leaving directory `/home/builinh/Dropbox/SEASTAR2017/Linh_code_DTCB2021/ConfiLikelihood/build/CMakeFiles/CMakeTmp'


    Feature record: CXX_FEATURE:1cxx_aggregate_default_initializers
    Feature record: CXX_FEATURE:1cxx_alias_templates
    Feature record: CXX_FEATURE:1cxx_alignas
    Feature record: CXX_FEATURE:1cxx_alignof
    Feature record: CXX_FEATURE:1cxx_attributes
    Feature record: CXX_FEATURE:1cxx_attribute_deprecated
    Feature record: CXX_FEATURE:1cxx_auto_type
    Feature record: CXX_FEATURE:1cxx_binary_literals
    Feature record: CXX_FEATURE:1cxx_constexpr
    Feature record: CXX_FEATURE:1cxx_contextual_conversions
    Feature record: CXX_FEATURE:1cxx_decltype
    Feature record: CXX_FEATURE:1cxx_decltype_auto
    Feature record: CXX_FEATURE:1cxx_decltype_incomplete_return_types
    Feature record: CXX_FEATURE:1cxx_default_function_template_args
    Feature record: CXX_FEATURE:1cxx_defaulted_functions
    Feature record: CXX_FEATURE:1cxx_defaulted_move_initializers
    Feature record: CXX_FEATURE:1cxx_delegating_constructors
    Feature record: CXX_FEATURE:1cxx_deleted_functions
    Feature record: CXX_FEATURE:1cxx_digit_separators
    Feature record: CXX_FEATURE:1cxx_enum_forward_declarations
    Feature record: CXX_FEATURE:1cxx_explicit_conversions
    Feature record: CXX_FEATURE:1cxx_extended_friend_declarations
    Feature record: CXX_FEATURE:1cxx_extern_templates
    Feature record: CXX_FEATURE:1cxx_final
    Feature record: CXX_FEATURE:1cxx_func_identifier
    Feature record: CXX_FEATURE:1cxx_generalized_initializers
    Feature record: CXX_FEATURE:1cxx_generic_lambdas
    Feature record: CXX_FEATURE:1cxx_inheriting_constructors
    Feature record: CXX_FEATURE:1cxx_inline_namespaces
    Feature record: CXX_FEATURE:1cxx_lambdas
    Feature record: CXX_FEATURE:1cxx_lambda_init_captures
    Feature record: CXX_FEATURE:1cxx_local_type_template_args
    Feature record: CXX_FEATURE:1cxx_long_long_type
    Feature record: CXX_FEATURE:1cxx_noexcept
    Feature record: CXX_FEATURE:1cxx_nonstatic_member_init
    Feature record: CXX_FEATURE:1cxx_nullptr
    Feature record: CXX_FEATURE:1cxx_override
    Feature record: CXX_FEATURE:1cxx_range_for
    Feature record: CXX_FEATURE:1cxx_raw_string_literals
    Feature record: CXX_FEATURE:1cxx_reference_qualified_functions
    Feature record: CXX_FEATURE:1cxx_relaxed_constexpr
    Feature record: CXX_FEATURE:1cxx_return_type_deduction
    Feature record: CXX_FEATURE:1cxx_right_angle_brackets
    Feature record: CXX_FEATURE:1cxx_rvalue_references
    Feature record: CXX_FEATURE:1cxx_sizeof_member
    Feature record: CXX_FEATURE:1cxx_static_assert
    Feature record: CXX_FEATURE:1cxx_strong_enums
    Feature record: CXX_FEATURE:1cxx_template_template_parameters
    Feature record: CXX_FEATURE:1cxx_thread_local
    Feature record: CXX_FEATURE:1cxx_trailing_return_types
    Feature record: CXX_FEATURE:1cxx_unicode_literals
    Feature record: CXX_FEATURE:1cxx_uniform_initialization
    Feature record: CXX_FEATURE:1cxx_unrestricted_unions
    Feature record: CXX_FEATURE:1cxx_user_literals
    Feature record: CXX_FEATURE:1cxx_variable_templates
    Feature record: CXX_FEATURE:1cxx_variadic_macros
    Feature record: CXX_FEATURE:1cxx_variadic_templates


Detecting CXX [-std=c++11] compiler features compiled with the following output:
Change Dir: /home/builinh/Dropbox/SEASTAR2017/Linh_code_DTCB2021/ConfiLikelihood/build/CMakeFiles/CMakeTmp

Run Build Command:"/usr/bin/make" "cmTC_fa378/fast"
/usr/bin/make -f CMakeFiles/cmTC_fa378.dir/build.make CMakeFiles/cmTC_fa378.dir/build
make[1]: Entering directory `/home/builinh/Dropbox/SEASTAR2017/Linh_code_DTCB2021/ConfiLikelihood/build/CMakeFiles/CMakeTmp'
Building CXX object CMakeFiles/cmTC_fa378.dir/feature_tests.cxx.o
/usr/bin/clang++-3.5    -std=c++11 -o CMakeFiles/cmTC_fa378.dir/feature_tests.cxx.o -c /home/builinh/Dropbox/SEASTAR2017/Linh_code_DTCB2021/ConfiLikelihood/build/CMakeFiles/feature_tests.cxx
Linking CXX executable cmTC_fa378
/usr/local/bin/cmake -E cmake_link_script CMakeFiles/cmTC_fa378.dir/link.txt --verbose=1
/usr/bin/clang++-3.5       -rdynamic CMakeFiles/cmTC_fa378.dir/feature_tests.cxx.o  -o cmTC_fa378 
make[1]: Leaving directory `/home/builinh/Dropbox/SEASTAR2017/Linh_code_DTCB2021/ConfiLikelihood/build/CMakeFiles/CMakeTmp'


    Feature record: CXX_FEATURE:0cxx_aggregate_default_initializers
    Feature record: CXX_FEATURE:1cxx_alias_templates
    Feature record: CXX_FEATURE:1cxx_alignas
    Feature record: CXX_FEATURE:1cxx_alignof
    Feature record: CXX_FEATURE:1cxx_attributes
    Feature record: CXX_FEATURE:0cxx_attribute_deprecated
    Feature record: CXX_FEATURE:1cxx_auto_type
    Feature record: CXX_FEATURE:0cxx_binary_literals
    Feature record: CXX_FEATURE:1cxx_constexpr
    Feature record: CXX_FEATURE:0cxx_contextual_conversions
    Feature record: CXX_FEATURE:1cxx_decltype
    Feature record: CXX_FEATURE:0cxx_decltype_auto
    Feature record: CXX_FEATURE:1cxx_decltype_incomplete_return_types
    Feature record: CXX_FEATURE:1cxx_default_function_template_args
    Feature record: CXX_FEATURE:1cxx_defaulted_functions
    Feature record: CXX_FEATURE:1cxx_defaulted_move_initializers
    Feature record: CXX_FEATURE:1cxx_delegating_constructors
    Feature record: CXX_FEATURE:1cxx_deleted_functions
    Feature record: CXX_FEATURE:0cxx_digit_separators
    Feature record: CXX_FEATURE:1cxx_enum_forward_declarations
    Feature record: CXX_FEATURE:1cxx_explicit_conversions
    Feature record: CXX_FEATURE:1cxx_extended_friend_declarations
    Feature record: CXX_FEATURE:1cxx_extern_templates
    Feature record: CXX_FEATURE:1cxx_final
    Feature record: CXX_FEATURE:1cxx_func_identifier
    Feature record: CXX_FEATURE:1cxx_generalized_initializers
    Feature record: CXX_FEATURE:0cxx_generic_lambdas
    Feature record: CXX_FEATURE:1cxx_inheriting_constructors
    Feature record: CXX_FEATURE:1cxx_inline_namespaces
    Feature record: CXX_FEATURE:1cxx_lambdas
    Feature record: CXX_FEATURE:0cxx_lambda_init_captures
    Feature record: CXX_FEATURE:1cxx_local_type_template_args
    Feature record: CXX_FEATURE:1cxx_long_long_type
    Feature record: CXX_FEATURE:1cxx_noexcept
    Feature record: CXX_FEATURE:1cxx_nonstatic_member_init
    Feature record: CXX_FEATURE:1cxx_nullptr
    Feature record: CXX_FEATURE:1cxx_override
    Feature record: CXX_FEATURE:1cxx_range_for
    Feature record: CXX_FEATURE:1cxx_raw_string_literals
    Feature record: CXX_FEATURE:1cxx_reference_qualified_functions
    Feature record: CXX_FEATURE:0cxx_relaxed_constexpr
    Feature record: CXX_FEATURE:0cxx_return_type_deduction
    Feature record: CXX_FEATURE:1cxx_right_angle_brackets
    Feature record: CXX_FEATURE:1cxx_rvalue_references
    Feature record: CXX_FEATURE:1cxx_sizeof_member
    Feature record: CXX_FEATURE:1cxx_static_assert
    Feature record: CXX_FEATURE:1cxx_strong_enums
    Feature record: CXX_FEATURE:1cxx_template_template_parameters
    Feature record: CXX_FEATURE:1cxx_thread_local
    Feature record: CXX_FEATURE:1cxx_trailing_return_types
    Feature record: CXX_FEATURE:1cxx_unicode_literals
    Feature record: CXX_FEATURE:1cxx_uniform_initialization
    Feature record: CXX_FEATURE:1cxx_unrestricted_unions
    Feature record: CXX_FEATURE:1cxx_user_literals
    Feature record: CXX_FEATURE:0cxx_variable_templates
    Feature record: CXX_FEATURE:1cxx_variadic_macros
    Feature record: CXX_FEATURE:1cxx_variadic_templates


Detecting CXX [-std=c++98] compiler features compiled with the following output:
Change Dir: /home/builinh/Dropbox/SEASTAR2017/Linh_code_DTCB2021/ConfiLikelihood/build/CMakeFiles/CMakeTmp

Run Build Command:"/usr/bin/make" "cmTC_8f873/fast"
/usr/bin/make -f CMakeFiles/cmTC_8f873.dir/build.make CMakeFiles/cmTC_8f873.dir/build
make[1]: Entering directory `/home/builinh/Dropbox/SEASTAR2017/Linh_code_DTCB2021/ConfiLikelihood/build/CMakeFiles/CMakeTmp'
Building CXX object CMakeFiles/cmTC_8f873.dir/feature_tests.cxx.o
/usr/bin/clang++-3.5    -std=c++98 -o CMakeFiles/cmTC_8f873.dir/feature_tests.cxx.o -c /home/builinh/Dropbox/SEASTAR2017/Linh_code_DTCB2021/ConfiLikelihood/build/CMakeFiles/feature_tests.cxx
Linking CXX executable cmTC_8f873
/usr/local/bin/cmake -E cmake_link_script CMakeFiles/cmTC_8f873.dir/link.txt --verbose=1
/usr/bin/clang++-3.5       -rdynamic CMakeFiles/cmTC_8f873.dir/feature_tests.cxx.o  -o cmTC_8f873 
make[1]: Leaving directory `/home/builinh/Dropbox/SEASTAR2017/Linh_code_DTCB2021/ConfiLikelihood/build/CMakeFiles/CMakeTmp'


    Feature record: CXX_FEATURE:0cxx_aggregate_default_initializers
    Feature record: CXX_FEATURE:0cxx_alias_templates
    Feature record: CXX_FEATURE:0cxx_alignas
    Feature record: CXX_FEATURE:0cxx_alignof
    Feature record: CXX_FEATURE:0cxx_attributes
    Feature record: CXX_FEATURE:0cxx_attribute_deprecated
    Feature record: CXX_FEATURE:0cxx_auto_type
    Feature record: CXX_FEATURE:0cxx_binary_literals
    Feature record: CXX_FEATURE:0cxx_constexpr
    Feature record: CXX_FEATURE:0cxx_contextual_conversions
    Feature record: CXX_FEATURE:0cxx_decltype
    Feature record: CXX_FEATURE:0cxx_decltype_auto
    Feature record: CXX_FEATURE:0cxx_decltype_incomplete_return_types
    Feature record: CXX_FEATURE:0cxx_default_function_template_args
    Feature record: CXX_FEATURE:0cxx_defaulted_functions
    Feature record: CXX_FEATURE:0cxx_defaulted_move_initializers
    Feature record: CXX_FEATURE:0cxx_delegating_constructors
    Feature record: CXX_FEATURE:0cxx_deleted_functions
    Feature record: CXX_FEATURE:0cxx_digit_separators
    Feature record: CXX_FEATURE:0cxx_enum_forward_declarations
    Feature record: CXX_FEATURE:0cxx_explicit_conversions
    Feature record: CXX_FEATURE:0cxx_extended_friend_declarations
    Feature record: CXX_FEATURE:0cxx_extern_templates
    Feature record: CXX_FEATURE:0cxx_final
    Feature record: CXX_FEATURE:0cxx_func_identifier
    Feature record: CXX_FEATURE:0cxx_generalized_initializers
    Feature record: CXX_FEATURE:0cxx_generic_lambdas
    Feature record: CXX_FEATURE:0cxx_inheriting_constructors
    Feature record: CXX_FEATURE:0cxx_inline_namespaces
    Feature record: CXX_FEATURE:0cxx_lambdas
    Feature record: CXX_FEATURE:0cxx_lambda_init_captures
    Feature record: CXX_FEATURE:0cxx_local_type_template_args
    Feature record: CXX_FEATURE:0cxx_long_long_type
    Feature record: CXX_FEATURE:0cxx_noexcept
    Feature record: CXX_FEATURE:0cxx_nonstatic_member_init
    Feature record: CXX_FEATURE:0cxx_nullptr
    Feature record: CXX_FEATURE:0cxx_override
    Feature record: CXX_FEATURE:0cxx_range_for
    Feature record: CXX_FEATURE:0cxx_raw_string_literals
    Feature record: CXX_FEATURE:0cxx_reference_qualified_functions
    Feature record: CXX_FEATURE:0cxx_relaxed_constexpr
    Feature record: CXX_FEATURE:0cxx_return_type_deduction
    Feature record: CXX_FEATURE:0cxx_right_angle_brackets
    Feature record: CXX_FEATURE:0cxx_rvalue_references
    Feature record: CXX_FEATURE:0cxx_sizeof_member
    Feature record: CXX_FEATURE:0cxx_static_assert
    Feature record: CXX_FEATURE:0cxx_strong_enums
    Feature record: CXX_FEATURE:1cxx_template_template_parameters
    Feature record: CXX_FEATURE:0cxx_thread_local
    Feature record: CXX_FEATURE:0cxx_trailing_return_types
    Feature record: CXX_FEATURE:0cxx_unicode_literals
    Feature record: CXX_FEATURE:0cxx_uniform_initialization
    Feature record: CXX_FEATURE:0cxx_unrestricted_unions
    Feature record: CXX_FEATURE:0cxx_user_literals
    Feature record: CXX_FEATURE:0cxx_variable_templates
    Feature record: CXX_FEATURE:0cxx_variadic_macros
    Feature record: CXX_FEATURE:0cxx_variadic_templates
